<?xml version="1.0" encoding="UTF-8"?>
<!-- Generated by org.testng.reporters.JUnitReportReporter -->
<testsuite hostname="DESKTOP-8N0O4EO" name="vn.webtienganh.core.LoginTest" tests="1" failures="0" timestamp="4 Dec 2019 09:44:19 GMT" time="0.000" errors="0">
  <testcase name="checkIsUserExist" time="0.000" classname="vn.webtienganh.core.LoginTest"/>
</testsuite> <!-- vn.webtienganh.core.LoginTest -->
